QRCode/app/build/outputs/logs/manifest-merger-debug-report.txt
-- Merging decision tree log ---
manifest
ADDED from AndroidManifest.xml:2:1
	xmlns:android
		ADDED from AndroidManifest.xml:2:11
	package
		ADDED from AndroidManifest.xml:3:11
		INJECTED from AndroidManifest.xml:0:0
		INJECTED from AndroidManifest.xml:0:0
	android:versionName
		ADDED from AndroidManifest.xml:4:11
	android:versionCode
		ADDED from AndroidManifest.xml:5:11
		INJECTED from AndroidManifest.xml:0:0
		INJECTED from AndroidManifest.xml:0:0
	android:installLocation
		ADDED from AndroidManifest.xml:6:11
uses-permission#android.permission.CAMERA
ADDED from AndroidManifest.xml:8:3
	android:name
		ADDED from AndroidManifest.xml:8:20
uses-permission#android.permission.INTERNET
ADDED from AndroidManifest.xml:9:3
	android:name
		ADDED from AndroidManifest.xml:9:20
uses-permission#android.permission.VIBRATE
ADDED from AndroidManifest.xml:10:3
	android:name
		ADDED from AndroidManifest.xml:10:20
uses-permission#android.permission.FLASHLIGHT
ADDED from AndroidManifest.xml:11:3
	android:name
		ADDED from AndroidManifest.xml:11:20
uses-permission#android.permission.READ_CONTACTS
ADDED from AndroidManifest.xml:12:3
	android:name
		ADDED from AndroidManifest.xml:12:20
uses-permission#com.android.browser.permission.READ_HISTORY_BOOKMARKS
ADDED from AndroidManifest.xml:13:3
	android:name
		ADDED from AndroidManifest.xml:13:20
uses-permission#android.permission.WRITE_EXTERNAL_STORAGE
ADDED from AndroidManifest.xml:14:3
	android:name
		ADDED from AndroidManifest.xml:14:20
uses-permission#android.permission.CHANGE_WIFI_STATE
ADDED from AndroidManifest.xml:15:3
	android:name
		ADDED from AndroidManifest.xml:15:20
uses-permission#android.permission.ACCESS_WIFI_STATE
ADDED from AndroidManifest.xml:16:3
	android:name
		ADDED from AndroidManifest.xml:16:20
uses-sdk
ADDED from AndroidManifest.xml:18:3
	android:targetSdkVersion
		ADDED from AndroidManifest.xml:18:40
		INJECTED from AndroidManifest.xml:0:0
		INJECTED from AndroidManifest.xml:0:0
	android:minSdkVersion
		ADDED from AndroidManifest.xml:18:13
		INJECTED from AndroidManifest.xml:0:0
		INJECTED from AndroidManifest.xml:0:0
uses-feature#android.hardware.camera
ADDED from AndroidManifest.xml:21:3
	android:required
		ADDED from AndroidManifest.xml:21:56
	android:name
		ADDED from AndroidManifest.xml:21:17
uses-feature#android.hardware.camera.front
ADDED from AndroidManifest.xml:22:3
	android:required
		ADDED from AndroidManifest.xml:22:62
	android:name
		ADDED from AndroidManifest.xml:22:17
uses-feature#android.hardware.camera.autofocus
ADDED from AndroidManifest.xml:25:3
	android:required
		ADDED from AndroidManifest.xml:25:66
	android:name
		ADDED from AndroidManifest.xml:25:17
uses-feature#android.hardware.camera.flash
ADDED from AndroidManifest.xml:26:3
	android:required
		ADDED from AndroidManifest.xml:26:62
	android:name
		ADDED from AndroidManifest.xml:26:17
uses-feature#android.hardware.screen.landscape
ADDED from AndroidManifest.xml:27:3
	android:name
		ADDED from AndroidManifest.xml:27:17
uses-feature#android.hardware.wifi
ADDED from AndroidManifest.xml:28:3
	android:required
		ADDED from AndroidManifest.xml:28:54
	android:name
		ADDED from AndroidManifest.xml:28:17
uses-feature#android.hardware.touchscreen
ADDED from AndroidManifest.xml:30:3
	android:name
		ADDED from AndroidManifest.xml:30:17
supports-screens
ADDED from AndroidManifest.xml:33:3
	android:largeScreens
		ADDED from AndroidManifest.xml:34:21
	android:anyDensity
		ADDED from AndroidManifest.xml:37:21
	android:normalScreens
		ADDED from AndroidManifest.xml:35:21
	android:xlargeScreens
		ADDED from AndroidManifest.xml:33:21
	android:smallScreens
		ADDED from AndroidManifest.xml:36:21
application
ADDED from AndroidManifest.xml:39:3
	android:label
		ADDED from AndroidManifest.xml:41:16
	android:allowBackup
		ADDED from AndroidManifest.xml:42:16
	android:icon
		ADDED from AndroidManifest.xml:39:16
	android:logo
		ADDED from AndroidManifest.xml:40:16
activity#com.google.zxing.client.android.CaptureActivity
ADDED from AndroidManifest.xml:43:5
	android:windowSoftInputMode
		ADDED from AndroidManifest.xml:48:15
	android:screenOrientation
		ADDED from AndroidManifest.xml:44:15
	android:theme
		ADDED from AndroidManifest.xml:47:15
	android:stateNotNeeded
		ADDED from AndroidManifest.xml:46:15
	android:clearTaskOnLaunch
		ADDED from AndroidManifest.xml:45:15
	android:name
		ADDED from AndroidManifest.xml:43:15
intent-filter#android.intent.action.MAIN+android.intent.category.LAUNCHER
ADDED from AndroidManifest.xml:49:7
action#android.intent.action.MAIN
ADDED from AndroidManifest.xml:50:9
	android:name
		ADDED from AndroidManifest.xml:50:17
category#android.intent.category.LAUNCHER
ADDED from AndroidManifest.xml:51:9
	android:name
		ADDED from AndroidManifest.xml:51:19
intent-filter#android.intent.category.DEFAULT+com.google.zxing.client.android.SCAN
ADDED from AndroidManifest.xml:53:7
action#com.google.zxing.client.android.SCAN
ADDED from AndroidManifest.xml:54:9
	android:name
		ADDED from AndroidManifest.xml:54:17
category#android.intent.category.DEFAULT
ADDED from AndroidManifest.xml:55:9
	android:name
		ADDED from AndroidManifest.xml:55:19
intent-filter#android.intent.action.VIEW+android.intent.category.BROWSABLE+android.intent.category.DEFAULT
ADDED from AndroidManifest.xml:58:7
action#android.intent.action.VIEW
ADDED from AndroidManifest.xml:59:9
	android:name
		ADDED from AndroidManifest.xml:59:17
category#android.intent.category.BROWSABLE
ADDED from AndroidManifest.xml:61:9
	android:name
		ADDED from AndroidManifest.xml:61:19
data
ADDED from AndroidManifest.xml:62:9
	android:host
		ADDED from AndroidManifest.xml:62:37
	android:path
		ADDED from AndroidManifest.xml:62:70
	android:scheme
		ADDED from AndroidManifest.xml:62:15
activity#com.google.zxing.client.android.encode.EncodeActivity
ADDED from AndroidManifest.xml:86:7
	android:stateNotNeeded
		ADDED from AndroidManifest.xml:87:15
	android:name
		ADDED from AndroidManifest.xml:86:17
intent-filter#android.intent.category.DEFAULT+com.google.zxing.client.android.ENCODE
ADDED from AndroidManifest.xml:88:7
action#com.google.zxing.client.android.ENCODE
ADDED from AndroidManifest.xml:89:9
	android:name
		ADDED from AndroidManifest.xml:89:17
intent-filter#android.intent.action.SEND+android.intent.category.DEFAULT
ADDED from AndroidManifest.xml:93:7
action#android.intent.action.SEND
ADDED from AndroidManifest.xml:94:9
	android:name
		ADDED from AndroidManifest.xml:94:17
activity#com.google.zxing.client.android.book.SearchBookContentsActivity
ADDED from AndroidManifest.xml:105:5
	android:screenOrientation
		ADDED from AndroidManifest.xml:108:15
	android:label
		ADDED from AndroidManifest.xml:106:15
	android:stateNotNeeded
		ADDED from AndroidManifest.xml:107:15
	android:name
		ADDED from AndroidManifest.xml:105:15
intent-filter#android.intent.category.DEFAULT+com.google.zxing.client.android.SEARCH_BOOK_CONTENTS
ADDED from AndroidManifest.xml:109:7
action#com.google.zxing.client.android.SEARCH_BOOK_CONTENTS
ADDED from AndroidManifest.xml:110:9
	android:name
		ADDED from AndroidManifest.xml:110:17
activity#com.google.zxing.client.android.share.ShareActivity
ADDED from AndroidManifest.xml:114:5
	android:screenOrientation
		ADDED from AndroidManifest.xml:116:15
	android:stateNotNeeded
		ADDED from AndroidManifest.xml:115:15
	android:name
		ADDED from AndroidManifest.xml:114:15
intent-filter#android.intent.category.DEFAULT+com.google.zxing.client.android.SHARE
ADDED from AndroidManifest.xml:117:7
action#com.google.zxing.client.android.SHARE
ADDED from AndroidManifest.xml:118:9
	android:name
		ADDED from AndroidManifest.xml:118:17
activity#com.google.zxing.client.android.history.HistoryActivity
ADDED from AndroidManifest.xml:122:5
	android:label
		ADDED from AndroidManifest.xml:123:15
	android:stateNotNeeded
		ADDED from AndroidManifest.xml:124:15
	android:name
		ADDED from AndroidManifest.xml:122:15
activity#com.google.zxing.client.android.share.BookmarkPickerActivity
ADDED from AndroidManifest.xml:125:5
	android:label
		ADDED from AndroidManifest.xml:126:15
	android:stateNotNeeded
		ADDED from AndroidManifest.xml:127:15
	android:name
		ADDED from AndroidManifest.xml:125:15
activity#com.google.zxing.client.android.share.AppPickerActivity
ADDED from AndroidManifest.xml:128:5
	android:label
		ADDED from AndroidManifest.xml:129:15
	android:stateNotNeeded
		ADDED from AndroidManifest.xml:130:15
	android:name
		ADDED from AndroidManifest.xml:128:15